CRITICAL - 2026-07-21 05:21:08 --> CodeIgniter\View\Exceptions\ViewException: Invalid file: "partials/admin_sidebar.php"
[Method: GET, Route: operateur/dashboard]
in SYSTEMPATH\Exceptions\FrameworkException.php on line 39.
 1 SYSTEMPATH\View\View.php(228): CodeIgniter\Exceptions\FrameworkException::forInvalidFile('partials/admin_sidebar.php')
 2 SYSTEMPATH\Common.php(1268): CodeIgniter\View\View->render('partials/admin_sidebar', [], true)
 3 APPPATH\Views\user\dashboard_operateur.php(15): view('partials/admin_sidebar', [...])
 4 SYSTEMPATH\View\View.php(240): include('D:\\Cours_S4\\SI\\PROJETS\\operateur\\app\\Views\\user\\dashboard_operateur.php')
 5 SYSTEMPATH\View\View.php(243): CodeIgniter\View\View->CodeIgniter\View\{closure}()
 6 SYSTEMPATH\Common.php(1268): CodeIgniter\View\View->render('user/dashboard_operateur', [], true)
 7 APPPATH\Controllers\UserController.php(214): view('user/dashboard_operateur', [...])
 8 SYSTEMPATH\CodeIgniter.php(974): App\Controllers\UserController->dashboardOperateur()
 9 SYSTEMPATH\CodeIgniter.php(520): CodeIgniter\CodeIgniter->runController(Object(App\Controllers\UserController))
10 SYSTEMPATH\CodeIgniter.php(363): CodeIgniter\CodeIgniter->handleRequest(null, Object(Config\Cache), false)
11 SYSTEMPATH\Boot.php(417): CodeIgniter\CodeIgniter->run()
12 SYSTEMPATH\Boot.php(68): CodeIgniter\Boot::runCodeIgniter(Object(CodeIgniter\CodeIgniter))
13 FCPATH\index.php(59): CodeIgniter\Boot::bootWeb(Object(Config\Paths))
14 SYSTEMPATH\rewrite.php(44): require_once('D:\\Cours_S4\\SI\\PROJETS\\operateur\\public\\index.php')
CRITICAL - 2026-07-21 05:30:13 --> CodeIgniter\View\Exceptions\ViewException: Invalid file: "partials/client_header.php"
[Method: GET, Route: client/dashboard]
in SYSTEMPATH\Exceptions\FrameworkException.php on line 39.
 1 SYSTEMPATH\View\View.php(228): CodeIgniter\Exceptions\FrameworkException::forInvalidFile('partials/client_header.php')
 2 SYSTEMPATH\Common.php(1268): CodeIgniter\View\View->render('partials/client_header', [], true)
 3 APPPATH\Views\user\dashboard.php(19): view('partials/client_header', [...])
 4 SYSTEMPATH\View\View.php(240): include('D:\\Cours_S4\\SI\\PROJETS\\operateur\\app\\Views\\user\\dashboard.php')
 5 SYSTEMPATH\View\View.php(243): CodeIgniter\View\View->CodeIgniter\View\{closure}()
 6 SYSTEMPATH\Common.php(1268): CodeIgniter\View\View->render('user/dashboard', [], true)
 7 APPPATH\Controllers\UserController.php(197): view('user/dashboard', [...])
 8 SYSTEMPATH\CodeIgniter.php(974): App\Controllers\UserController->dashboard_client()
 9 SYSTEMPATH\CodeIgniter.php(520): CodeIgniter\CodeIgniter->runController(Object(App\Controllers\UserController))
10 SYSTEMPATH\CodeIgniter.php(363): CodeIgniter\CodeIgniter->handleRequest(null, Object(Config\Cache), false)
11 SYSTEMPATH\Boot.php(417): CodeIgniter\CodeIgniter->run()
12 SYSTEMPATH\Boot.php(68): CodeIgniter\Boot::runCodeIgniter(Object(CodeIgniter\CodeIgniter))
13 FCPATH\index.php(59): CodeIgniter\Boot::bootWeb(Object(Config\Paths))
14 SYSTEMPATH\rewrite.php(44): require_once('D:\\Cours_S4\\SI\\PROJETS\\operateur\\public\\index.php')
CRITICAL - 2026-07-21 05:30:14 --> CodeIgniter\View\Exceptions\ViewException: Invalid file: "partials/client_header.php"
[Method: GET, Route: client/dashboard]
in SYSTEMPATH\Exceptions\FrameworkException.php on line 39.
 1 SYSTEMPATH\View\View.php(228): CodeIgniter\Exceptions\FrameworkException::forInvalidFile('partials/client_header.php')
 2 SYSTEMPATH\Common.php(1268): CodeIgniter\View\View->render('partials/client_header', [], true)
 3 APPPATH\Views\user\dashboard.php(19): view('partials/client_header', [...])
 4 SYSTEMPATH\View\View.php(240): include('D:\\Cours_S4\\SI\\PROJETS\\operateur\\app\\Views\\user\\dashboard.php')
 5 SYSTEMPATH\View\View.php(243): CodeIgniter\View\View->CodeIgniter\View\{closure}()
 6 SYSTEMPATH\Common.php(1268): CodeIgniter\View\View->render('user/dashboard', [], true)
 7 APPPATH\Controllers\UserController.php(197): view('user/dashboard', [...])
 8 SYSTEMPATH\CodeIgniter.php(974): App\Controllers\UserController->dashboard_client()
 9 SYSTEMPATH\CodeIgniter.php(520): CodeIgniter\CodeIgniter->runController(Object(App\Controllers\UserController))
10 SYSTEMPATH\CodeIgniter.php(363): CodeIgniter\CodeIgniter->handleRequest(null, Object(Config\Cache), false)
11 SYSTEMPATH\Boot.php(417): CodeIgniter\CodeIgniter->run()
12 SYSTEMPATH\Boot.php(68): CodeIgniter\Boot::runCodeIgniter(Object(CodeIgniter\CodeIgniter))
13 FCPATH\index.php(59): CodeIgniter\Boot::bootWeb(Object(Config\Paths))
14 SYSTEMPATH\rewrite.php(44): require_once('D:\\Cours_S4\\SI\\PROJETS\\operateur\\public\\index.php')
CRITICAL - 2026-07-21 05:30:14 --> CodeIgniter\View\Exceptions\ViewException: Invalid file: "partials/client_header.php"
[Method: GET, Route: client/dashboard]
in SYSTEMPATH\Exceptions\FrameworkException.php on line 39.
 1 SYSTEMPATH\View\View.php(228): CodeIgniter\Exceptions\FrameworkException::forInvalidFile('partials/client_header.php')
 2 SYSTEMPATH\Common.php(1268): CodeIgniter\View\View->render('partials/client_header', [], true)
 3 APPPATH\Views\user\dashboard.php(19): view('partials/client_header', [...])
 4 SYSTEMPATH\View\View.php(240): include('D:\\Cours_S4\\SI\\PROJETS\\operateur\\app\\Views\\user\\dashboard.php')
 5 SYSTEMPATH\View\View.php(243): CodeIgniter\View\View->CodeIgniter\View\{closure}()
 6 SYSTEMPATH\Common.php(1268): CodeIgniter\View\View->render('user/dashboard', [], true)
 7 APPPATH\Controllers\UserController.php(197): view('user/dashboard', [...])
 8 SYSTEMPATH\CodeIgniter.php(974): App\Controllers\UserController->dashboard_client()
 9 SYSTEMPATH\CodeIgniter.php(520): CodeIgniter\CodeIgniter->runController(Object(App\Controllers\UserController))
10 SYSTEMPATH\CodeIgniter.php(363): CodeIgniter\CodeIgniter->handleRequest(null, Object(Config\Cache), false)
11 SYSTEMPATH\Boot.php(417): CodeIgniter\CodeIgniter->run()
12 SYSTEMPATH\Boot.php(68): CodeIgniter\Boot::runCodeIgniter(Object(CodeIgniter\CodeIgniter))
13 FCPATH\index.php(59): CodeIgniter\Boot::bootWeb(Object(Config\Paths))
14 SYSTEMPATH\rewrite.php(44): require_once('D:\\Cours_S4\\SI\\PROJETS\\operateur\\public\\index.php')
CRITICAL - 2026-07-21 05:30:14 --> CodeIgniter\View\Exceptions\ViewException: Invalid file: "partials/client_header.php"
[Method: GET, Route: client/dashboard]
in SYSTEMPATH\Exceptions\FrameworkException.php on line 39.
 1 SYSTEMPATH\View\View.php(228): CodeIgniter\Exceptions\FrameworkException::forInvalidFile('partials/client_header.php')
 2 SYSTEMPATH\Common.php(1268): CodeIgniter\View\View->render('partials/client_header', [], true)
 3 APPPATH\Views\user\dashboard.php(19): view('partials/client_header', [...])
 4 SYSTEMPATH\View\View.php(240): include('D:\\Cours_S4\\SI\\PROJETS\\operateur\\app\\Views\\user\\dashboard.php')
 5 SYSTEMPATH\View\View.php(243): CodeIgniter\View\View->CodeIgniter\View\{closure}()
 6 SYSTEMPATH\Common.php(1268): CodeIgniter\View\View->render('user/dashboard', [], true)
 7 APPPATH\Controllers\UserController.php(197): view('user/dashboard', [...])
 8 SYSTEMPATH\CodeIgniter.php(974): App\Controllers\UserController->dashboard_client()
 9 SYSTEMPATH\CodeIgniter.php(520): CodeIgniter\CodeIgniter->runController(Object(App\Controllers\UserController))
10 SYSTEMPATH\CodeIgniter.php(363): CodeIgniter\CodeIgniter->handleRequest(null, Object(Config\Cache), false)
11 SYSTEMPATH\Boot.php(417): CodeIgniter\CodeIgniter->run()
12 SYSTEMPATH\Boot.php(68): CodeIgniter\Boot::runCodeIgniter(Object(CodeIgniter\CodeIgniter))
13 FCPATH\index.php(59): CodeIgniter\Boot::bootWeb(Object(Config\Paths))
14 SYSTEMPATH\rewrite.php(44): require_once('D:\\Cours_S4\\SI\\PROJETS\\operateur\\public\\index.php')
CRITICAL - 2026-07-21 05:53:16 --> ErrorException: Undefined variable $configurations
[Method: GET, Route: frais-operations]
in APPPATH\Views\frais_operation\index.php on line 54.
 1 APPPATH\Views\frais_operation\index.php(54): CodeIgniter\Debug\Exceptions->errorHandler(2, 'Undefined variable $configurations', 'D:\\Cours_S4\\SI\\PROJETS\\operateur\\app\\Views\\frais_operation\\index.php', 54)
 2 SYSTEMPATH\View\View.php(240): include('D:\\Cours_S4\\SI\\PROJETS\\operateur\\app\\Views\\frais_operation\\index.php')
 3 SYSTEMPATH\View\View.php(243): CodeIgniter\View\View->CodeIgniter\View\{closure}()
 4 SYSTEMPATH\Common.php(1268): CodeIgniter\View\View->render('frais_operation/index', [], true)
 5 APPPATH\Controllers\FraisOperationController.php(18): view('frais_operation/index', [...])
 6 SYSTEMPATH\CodeIgniter.php(974): App\Controllers\FraisOperationController->index()
 7 SYSTEMPATH\CodeIgniter.php(520): CodeIgniter\CodeIgniter->runController(Object(App\Controllers\FraisOperationController))
 8 SYSTEMPATH\CodeIgniter.php(363): CodeIgniter\CodeIgniter->handleRequest(null, Object(Config\Cache), false)
 9 SYSTEMPATH\Boot.php(417): CodeIgniter\CodeIgniter->run()
10 SYSTEMPATH\Boot.php(68): CodeIgniter\Boot::runCodeIgniter(Object(CodeIgniter\CodeIgniter))
11 FCPATH\index.php(59): CodeIgniter\Boot::bootWeb(Object(Config\Paths))
12 SYSTEMPATH\rewrite.php(44): require_once('D:\\Cours_S4\\SI\\PROJETS\\operateur\\public\\index.php')
CRITICAL - 2026-07-21 05:53:17 --> ErrorException: Undefined variable $configurations
[Method: GET, Route: frais-operations]
in APPPATH\Views\frais_operation\index.php on line 54.
 1 APPPATH\Views\frais_operation\index.php(54): CodeIgniter\Debug\Exceptions->errorHandler(2, 'Undefined variable $configurations', 'D:\\Cours_S4\\SI\\PROJETS\\operateur\\app\\Views\\frais_operation\\index.php', 54)
 2 SYSTEMPATH\View\View.php(240): include('D:\\Cours_S4\\SI\\PROJETS\\operateur\\app\\Views\\frais_operation\\index.php')
 3 SYSTEMPATH\View\View.php(243): CodeIgniter\View\View->CodeIgniter\View\{closure}()
 4 SYSTEMPATH\Common.php(1268): CodeIgniter\View\View->render('frais_operation/index', [], true)
 5 APPPATH\Controllers\FraisOperationController.php(18): view('frais_operation/index', [...])
 6 SYSTEMPATH\CodeIgniter.php(974): App\Controllers\FraisOperationController->index()
 7 SYSTEMPATH\CodeIgniter.php(520): CodeIgniter\CodeIgniter->runController(Object(App\Controllers\FraisOperationController))
 8 SYSTEMPATH\CodeIgniter.php(363): CodeIgniter\CodeIgniter->handleRequest(null, Object(Config\Cache), false)
 9 SYSTEMPATH\Boot.php(417): CodeIgniter\CodeIgniter->run()
10 SYSTEMPATH\Boot.php(68): CodeIgniter\Boot::runCodeIgniter(Object(CodeIgniter\CodeIgniter))
11 FCPATH\index.php(59): CodeIgniter\Boot::bootWeb(Object(Config\Paths))
12 SYSTEMPATH\rewrite.php(44): require_once('D:\\Cours_S4\\SI\\PROJETS\\operateur\\public\\index.php')
CRITICAL - 2026-07-21 05:54:10 --> ErrorException: Undefined variable $configurations
[Method: GET, Route: frais-operations]
in APPPATH\Views\frais_operation\index.php on line 54.
 1 APPPATH\Views\frais_operation\index.php(54): CodeIgniter\Debug\Exceptions->errorHandler(2, 'Undefined variable $configurations', 'D:\\Cours_S4\\SI\\PROJETS\\operateur\\app\\Views\\frais_operation\\index.php', 54)
 2 SYSTEMPATH\View\View.php(240): include('D:\\Cours_S4\\SI\\PROJETS\\operateur\\app\\Views\\frais_operation\\index.php')
 3 SYSTEMPATH\View\View.php(243): CodeIgniter\View\View->CodeIgniter\View\{closure}()
 4 SYSTEMPATH\Common.php(1268): CodeIgniter\View\View->render('frais_operation/index', [], true)
 5 APPPATH\Controllers\FraisOperationController.php(18): view('frais_operation/index', [...])
 6 SYSTEMPATH\CodeIgniter.php(974): App\Controllers\FraisOperationController->index()
 7 SYSTEMPATH\CodeIgniter.php(520): CodeIgniter\CodeIgniter->runController(Object(App\Controllers\FraisOperationController))
 8 SYSTEMPATH\CodeIgniter.php(363): CodeIgniter\CodeIgniter->handleRequest(null, Object(Config\Cache), false)
 9 SYSTEMPATH\Boot.php(417): CodeIgniter\CodeIgniter->run()
10 SYSTEMPATH\Boot.php(68): CodeIgniter\Boot::runCodeIgniter(Object(CodeIgniter\CodeIgniter))
11 FCPATH\index.php(59): CodeIgniter\Boot::bootWeb(Object(Config\Paths))
12 SYSTEMPATH\rewrite.php(44): require_once('D:\\Cours_S4\\SI\\PROJETS\\operateur\\public\\index.php')
